<?xml version="1.0" encoding="UTF-8"?>
<testsuite name="com.motycka.edu.game.character.CharacterServiceTest" tests="2" skipped="0" failures="0" errors="0" timestamp="2025-03-02T11:12:08" hostname="Xaviers-MacBook-Pro.local" time="0.354">
  <properties/>
  <testcase name="getCharacterById should return character when found()" classname="com.motycka.edu.game.character.CharacterServiceTest" time="0.339"/>
  <testcase name="getCharacterById should throw NotFoundException when character is not found()" classname="com.motycka.edu.game.character.CharacterServiceTest" time="0.011"/>
  <system-out><![CDATA[18:12:08.449 [Test worker] INFO com.motycka.edu.game.character.CharacterService -- Fetching character with ID=1
18:12:08.501 [Test worker] INFO com.motycka.edu.game.character.CharacterService -- Fetching character with ID=non_existent_id
18:12:08.503 [Test worker] WARN com.motycka.edu.game.character.CharacterService -- Character with ID=non_existent_id not found
]]></system-out>
  <system-err><![CDATA[WARNING: A Java agent has been loaded dynamically (/Users/ginoasuncion/.gradle/caches/modules-2/files-2.1/net.bytebuddy/byte-buddy-agent/1.14.11/f9cb566608fbac6bc7bf54901a7aa11543a989ee/byte-buddy-agent-1.14.11.jar)
WARNING: If a serviceability tool is in use, please run with -XX:+EnableDynamicAgentLoading to hide this warning
WARNING: If a serviceability tool is not in use, please run with -Djdk.instrument.traceUsage for more information
WARNING: Dynamic loading of agents will be disallowed by default in a future release
]]></system-err>
</testsuite>
